-*-LiveLogging-*-[
Process A[
errors[
|2017-04-20 14:48:00.592| This is error
errors]
warnings[
|2017-04-20 14:48:00.596| This is warning
warnings]
all[
|2017-04-20 14:48:00.599| error: Critical error
|2017-04-20 14:48:00.599| warning: Minor message
all]
Process A]
Server B[
unix[
|2017-04-20 14:48:00.599| debug: DEBUG=1
|2017-04-20 14:48:00.599| info: Server is started
|2017-04-20 14:48:00.600| notice: User: hi :)
|2017-04-20 14:48:00.600| warning: Another message
|2017-04-20 14:48:00.600| critical: Segmentation fault
|2017-04-20 14:48:00.600| alert: Alarm!
|2017-04-20 14:48:00.600| emergency: No free space!
unix]
Server B]
Client C[
inTestEnv[
|2017-04-20 14:48:00.600| Database is initialized
inTestEnv]
inProdEnv[
|2017-04-20 14:48:00.600| Production bootstrap
inProdEnv]
toInvestigateTomorrow[
|2017-04-20 14:48:00.601| keyvalue is not present, recreate!
toInvestigateTomorrow]
wakeMeInTheMiddleOfTheNight[
|2017-04-20 14:48:00.601| This need to be investigated now! Donate for LiveLogging! :)
wakeMeInTheMiddleOfTheNight]
Client C]
-*-LiveLogging-*-]
